CRITICAL - 2024-10-14 03:12:12 --> ErrorException: Undefined array key "slug_kecamatan"
[Method: GET, Route: kecamatan]
in APPPATH\Views\pages\kecamatan.php on line 39.
 1 APPPATH\Views\pages\kecamatan.php(39): CodeIgniter\Debug\Exceptions->errorHandler(2, 'Undefined array key "slug_kecamatan"', 'C:\\xampp\\htdocs\\LandingPage\\app\\Views\\pages\\kecamatan.php', 39)
 2 SYSTEMPATH\View\View.php(234): include('C:\\xampp\\htdocs\\LandingPage\\app\\Views\\pages\\kecamatan.php')
 3 SYSTEMPATH\View\View.php(237): CodeIgniter\View\View->CodeIgniter\View\{closure}()
 4 SYSTEMPATH\Common.php(1171): CodeIgniter\View\View->render('pages/kecamatan', [], true)
 5 APPPATH\Controllers\DaftarApp.php(35): view('pages/kecamatan', [...])
 6 SYSTEMPATH\CodeIgniter.php(933): App\Controllers\DaftarApp->kecamatan()
 7 SYSTEMPATH\CodeIgniter.php(509): CodeIgniter\CodeIgniter->runController(Object(App\Controllers\DaftarApp))
 8 SYSTEMPATH\CodeIgniter.php(355): CodeIgniter\CodeIgniter->handleRequest(null, Object(Config\Cache), false)
 9 SYSTEMPATH\Boot.php(325): CodeIgniter\CodeIgniter->run()
10 SYSTEMPATH\Boot.php(67): CodeIgniter\Boot::runCodeIgniter(Object(CodeIgniter\CodeIgniter))
11 FCPATH\index.php(56): CodeIgniter\Boot::bootWeb(Object(Config\Paths))
12 SYSTEMPATH\rewrite.php(44): require_once('C:\\xampp\\htdocs\\LandingPage\\public\\index.php')
CRITICAL - 2024-10-14 03:38:30 --> ErrorException: Undefined variable $ak
[Method: GET, Route: kecamatan]
in APPPATH\Views\pages\kecamatan.php on line 35.
 1 APPPATH\Views\pages\kecamatan.php(35): CodeIgniter\Debug\Exceptions->errorHandler(2, 'Undefined variable $ak', 'C:\\xampp\\htdocs\\LandingPage\\app\\Views\\pages\\kecamatan.php', 35)
 2 SYSTEMPATH\View\View.php(234): include('C:\\xampp\\htdocs\\LandingPage\\app\\Views\\pages\\kecamatan.php')
 3 SYSTEMPATH\View\View.php(237): CodeIgniter\View\View->CodeIgniter\View\{closure}()
 4 SYSTEMPATH\Common.php(1171): CodeIgniter\View\View->render('pages/kecamatan', [], true)
 5 APPPATH\Controllers\DaftarApp.php(42): view('pages/kecamatan', [...])
 6 SYSTEMPATH\CodeIgniter.php(933): App\Controllers\DaftarApp->kecamatan()
 7 SYSTEMPATH\CodeIgniter.php(509): CodeIgniter\CodeIgniter->runController(Object(App\Controllers\DaftarApp))
 8 SYSTEMPATH\CodeIgniter.php(355): CodeIgniter\CodeIgniter->handleRequest(null, Object(Config\Cache), false)
 9 SYSTEMPATH\Boot.php(325): CodeIgniter\CodeIgniter->run()
10 SYSTEMPATH\Boot.php(67): CodeIgniter\Boot::runCodeIgniter(Object(CodeIgniter\CodeIgniter))
11 FCPATH\index.php(56): CodeIgniter\Boot::bootWeb(Object(Config\Paths))
12 SYSTEMPATH\rewrite.php(44): require_once('C:\\xampp\\htdocs\\LandingPage\\public\\index.php')
