CRITICAL - 2024-10-21 06:18:15 --> ErrorException: Undefined variable $kecamatan
[Method: GET, Route: table]
in APPPATH\Views\pages\table.php on line 17.
 1 APPPATH\Views\pages\table.php(17): CodeIgniter\Debug\Exceptions->errorHandler(2, 'Undefined variable $kecamatan', 'C:\\xampp\\htdocs\\LandingPage\\app\\Views\\pages\\table.php', 17)
 2 SYSTEMPATH\View\View.php(234): include('C:\\xampp\\htdocs\\LandingPage\\app\\Views\\pages\\table.php')
 3 SYSTEMPATH\View\View.php(237): CodeIgniter\View\View->CodeIgniter\View\{closure}()
 4 SYSTEMPATH\Common.php(1171): CodeIgniter\View\View->render('pages/table', [], true)
 5 APPPATH\Controllers\DaftarApp.php(59): view('pages/table', [...])
 6 SYSTEMPATH\CodeIgniter.php(933): App\Controllers\DaftarApp->table()
 7 SYSTEMPATH\CodeIgniter.php(509): CodeIgniter\CodeIgniter->runController(Object(App\Controllers\DaftarApp))
 8 SYSTEMPATH\CodeIgniter.php(355): CodeIgniter\CodeIgniter->handleRequest(null, Object(Config\Cache), false)
 9 SYSTEMPATH\Boot.php(325): CodeIgniter\CodeIgniter->run()
10 SYSTEMPATH\Boot.php(67): CodeIgniter\Boot::runCodeIgniter(Object(CodeIgniter\CodeIgniter))
11 FCPATH\index.php(56): CodeIgniter\Boot::bootWeb(Object(Config\Paths))
12 SYSTEMPATH\rewrite.php(44): require_once('C:\\xampp\\htdocs\\LandingPage\\public\\index.php')
CRITICAL - 2024-10-21 06:21:19 --> ErrorException: Undefined variable $kecamatan
[Method: GET, Route: table]
in APPPATH\Views\pages\table.php on line 17.
 1 APPPATH\Views\pages\table.php(17): CodeIgniter\Debug\Exceptions->errorHandler(2, 'Undefined variable $kecamatan', 'C:\\xampp\\htdocs\\LandingPage\\app\\Views\\pages\\table.php', 17)
 2 SYSTEMPATH\View\View.php(234): include('C:\\xampp\\htdocs\\LandingPage\\app\\Views\\pages\\table.php')
 3 SYSTEMPATH\View\View.php(237): CodeIgniter\View\View->CodeIgniter\View\{closure}()
 4 SYSTEMPATH\Common.php(1171): CodeIgniter\View\View->render('pages/table', [], true)
 5 APPPATH\Controllers\DaftarApp.php(59): view('pages/table', [...])
 6 SYSTEMPATH\CodeIgniter.php(933): App\Controllers\DaftarApp->table()
 7 SYSTEMPATH\CodeIgniter.php(509): CodeIgniter\CodeIgniter->runController(Object(App\Controllers\DaftarApp))
 8 SYSTEMPATH\CodeIgniter.php(355): CodeIgniter\CodeIgniter->handleRequest(null, Object(Config\Cache), false)
 9 SYSTEMPATH\Boot.php(325): CodeIgniter\CodeIgniter->run()
10 SYSTEMPATH\Boot.php(67): CodeIgniter\Boot::runCodeIgniter(Object(CodeIgniter\CodeIgniter))
11 FCPATH\index.php(56): CodeIgniter\Boot::bootWeb(Object(Config\Paths))
12 SYSTEMPATH\rewrite.php(44): require_once('C:\\xampp\\htdocs\\LandingPage\\public\\index.php')
ERROR - 2024-10-21 06:26:09 --> mysqli_sql_exception: Table 'aplikasi_jaksel.aplikasi_kecamatan' doesn't exist in C:\xampp\htdocs\LandingPage\system\Database\MySQLi\Connection.php:312
Stack trace:
#0 C:\xampp\htdocs\LandingPage\system\Database\MySQLi\Connection.php(312): mysqli->query('SELECT *\nFROM `...', 0)
#1 C:\xampp\htdocs\LandingPage\system\Database\BaseConnection.php(734): CodeIgniter\Database\MySQLi\Connection->execute('SELECT *\nFROM `...')
#2 C:\xampp\htdocs\LandingPage\system\Database\BaseConnection.php(648): CodeIgniter\Database\BaseConnection->simpleQuery('SELECT *\nFROM `...')
#3 C:\xampp\htdocs\LandingPage\system\Database\BaseBuilder.php(1644): CodeIgniter\Database\BaseConnection->query('SELECT *\nFROM `...', Array, false)
#4 C:\xampp\htdocs\LandingPage\system\Model.php(286): CodeIgniter\Database\BaseBuilder->get()
#5 C:\xampp\htdocs\LandingPage\system\BaseModel.php(676): CodeIgniter\Model->doFindAll(0, 0)
#6 C:\xampp\htdocs\LandingPage\app\Models\aplikasiKecamatanModel.php(14): CodeIgniter\BaseModel->findAll()
#7 C:\xampp\htdocs\LandingPage\app\Controllers\DaftarApp.php(67): App\Models\aplikasiKecamatanModel->getAplikasiKecamatan()
#8 C:\xampp\htdocs\LandingPage\system\CodeIgniter.php(933): App\Controllers\DaftarApp->ContohTable()
#9 C:\xampp\htdocs\LandingPage\system\CodeIgniter.php(509): CodeIgniter\CodeIgniter->runController(Object(App\Controllers\DaftarApp))
#10 C:\xampp\htdocs\LandingPage\system\CodeIgniter.php(355): CodeIgniter\CodeIgniter->handleRequest(NULL, Object(Config\Cache), false)
#11 C:\xampp\htdocs\LandingPage\system\Boot.php(325): CodeIgniter\CodeIgniter->run()
#12 C:\xampp\htdocs\LandingPage\system\Boot.php(67): CodeIgniter\Boot::runCodeIgniter(Object(CodeIgniter\CodeIgniter))
#13 C:\xampp\htdocs\LandingPage\public\index.php(56): CodeIgniter\Boot::bootWeb(Object(Config\Paths))
#14 C:\xampp\htdocs\LandingPage\system\rewrite.php(44): require_once('C:\\xampp\\htdocs...')
#15 {main}
CRITICAL - 2024-10-21 06:26:09 --> CodeIgniter\Database\Exceptions\DatabaseException: Table 'aplikasi_jaksel.aplikasi_kecamatan' doesn't exist
[Method: GET, Route: contohtable]
in SYSTEMPATH\Database\BaseConnection.php on line 688.
 1 SYSTEMPATH\Database\BaseBuilder.php(1644): CodeIgniter\Database\BaseConnection->query('SELECT *
FROM `aplikasi_kecamatan`', [], false)
 2 SYSTEMPATH\Model.php(286): CodeIgniter\Database\BaseBuilder->get()
 3 SYSTEMPATH\BaseModel.php(676): CodeIgniter\Model->doFindAll(0, 0)
 4 APPPATH\Models\aplikasiKecamatanModel.php(14): CodeIgniter\BaseModel->findAll()
 5 APPPATH\Controllers\DaftarApp.php(67): App\Models\aplikasiKecamatanModel->getAplikasiKecamatan()
 6 SYSTEMPATH\CodeIgniter.php(933): App\Controllers\DaftarApp->ContohTable()
 7 SYSTEMPATH\CodeIgniter.php(509): CodeIgniter\CodeIgniter->runController(Object(App\Controllers\DaftarApp))
 8 SYSTEMPATH\CodeIgniter.php(355): CodeIgniter\CodeIgniter->handleRequest(null, Object(Config\Cache), false)
 9 SYSTEMPATH\Boot.php(325): CodeIgniter\CodeIgniter->run()
10 SYSTEMPATH\Boot.php(67): CodeIgniter\Boot::runCodeIgniter(Object(CodeIgniter\CodeIgniter))
11 FCPATH\index.php(56): CodeIgniter\Boot::bootWeb(Object(Config\Paths))
12 SYSTEMPATH\rewrite.php(44): require_once('C:\\xampp\\htdocs\\LandingPage\\public\\index.php')
CRITICAL - 2024-10-21 06:26:09 --> [Caused by] CodeIgniter\Database\Exceptions\DatabaseException: Table 'aplikasi_jaksel.aplikasi_kecamatan' doesn't exist
in SYSTEMPATH\Database\MySQLi\Connection.php on line 317.
 1 SYSTEMPATH\Database\BaseConnection.php(734): CodeIgniter\Database\MySQLi\Connection->execute('SELECT *
FROM `aplikasi_kecamatan`')
 2 SYSTEMPATH\Database\BaseConnection.php(648): CodeIgniter\Database\BaseConnection->simpleQuery('SELECT *
FROM `aplikasi_kecamatan`')
 3 SYSTEMPATH\Database\BaseBuilder.php(1644): CodeIgniter\Database\BaseConnection->query('SELECT *
FROM `aplikasi_kecamatan`', [], false)
 4 SYSTEMPATH\Model.php(286): CodeIgniter\Database\BaseBuilder->get()
 5 SYSTEMPATH\BaseModel.php(676): CodeIgniter\Model->doFindAll(0, 0)
 6 APPPATH\Models\aplikasiKecamatanModel.php(14): CodeIgniter\BaseModel->findAll()
 7 APPPATH\Controllers\DaftarApp.php(67): App\Models\aplikasiKecamatanModel->getAplikasiKecamatan()
 8 SYSTEMPATH\CodeIgniter.php(933): App\Controllers\DaftarApp->ContohTable()
 9 SYSTEMPATH\CodeIgniter.php(509): CodeIgniter\CodeIgniter->runController(Object(App\Controllers\DaftarApp))
10 SYSTEMPATH\CodeIgniter.php(355): CodeIgniter\CodeIgniter->handleRequest(null, Object(Config\Cache), false)
11 SYSTEMPATH\Boot.php(325): CodeIgniter\CodeIgniter->run()
12 SYSTEMPATH\Boot.php(67): CodeIgniter\Boot::runCodeIgniter(Object(CodeIgniter\CodeIgniter))
13 FCPATH\index.php(56): CodeIgniter\Boot::bootWeb(Object(Config\Paths))
14 SYSTEMPATH\rewrite.php(44): require_once('C:\\xampp\\htdocs\\LandingPage\\public\\index.php')
CRITICAL - 2024-10-21 06:26:09 --> [Caused by] mysqli_sql_exception: Table 'aplikasi_jaksel.aplikasi_kecamatan' doesn't exist
in SYSTEMPATH\Database\MySQLi\Connection.php on line 312.
 1 SYSTEMPATH\Database\MySQLi\Connection.php(312): mysqli->query('SELECT *
FROM `aplikasi_kecamatan`', 0)
 2 SYSTEMPATH\Database\BaseConnection.php(734): CodeIgniter\Database\MySQLi\Connection->execute('SELECT *
FROM `aplikasi_kecamatan`')
 3 SYSTEMPATH\Database\BaseConnection.php(648): CodeIgniter\Database\BaseConnection->simpleQuery('SELECT *
FROM `aplikasi_kecamatan`')
 4 SYSTEMPATH\Database\BaseBuilder.php(1644): CodeIgniter\Database\BaseConnection->query('SELECT *
FROM `aplikasi_kecamatan`', [], false)
 5 SYSTEMPATH\Model.php(286): CodeIgniter\Database\BaseBuilder->get()
 6 SYSTEMPATH\BaseModel.php(676): CodeIgniter\Model->doFindAll(0, 0)
 7 APPPATH\Models\aplikasiKecamatanModel.php(14): CodeIgniter\BaseModel->findAll()
 8 APPPATH\Controllers\DaftarApp.php(67): App\Models\aplikasiKecamatanModel->getAplikasiKecamatan()
 9 SYSTEMPATH\CodeIgniter.php(933): App\Controllers\DaftarApp->ContohTable()
10 SYSTEMPATH\CodeIgniter.php(509): CodeIgniter\CodeIgniter->runController(Object(App\Controllers\DaftarApp))
11 SYSTEMPATH\CodeIgniter.php(355): CodeIgniter\CodeIgniter->handleRequest(null, Object(Config\Cache), false)
12 SYSTEMPATH\Boot.php(325): CodeIgniter\CodeIgniter->run()
13 SYSTEMPATH\Boot.php(67): CodeIgniter\Boot::runCodeIgniter(Object(CodeIgniter\CodeIgniter))
14 FCPATH\index.php(56): CodeIgniter\Boot::bootWeb(Object(Config\Paths))
15 SYSTEMPATH\rewrite.php(44): require_once('C:\\xampp\\htdocs\\LandingPage\\public\\index.php')
