ERROR - 2024-10-16 02:29:45 --> Error connecting to the database: mysqli_sql_exception: No connection could be made because the target machine actively refused it in C:\xampp\htdocs\LandingPage\system\Database\MySQLi\Connection.php:186
Stack trace:
#0 C:\xampp\htdocs\LandingPage\system\Database\MySQLi\Connection.php(186): mysqli->real_connect('localhost', 'root', Object(SensitiveParameterValue), 'aplikasi_jaksel', 3306, '', 0)
#1 C:\xampp\htdocs\LandingPage\system\Database\BaseConnection.php(421): CodeIgniter\Database\MySQLi\Connection->connect(false)
#2 C:\xampp\htdocs\LandingPage\system\Database\BaseConnection.php(616): CodeIgniter\Database\BaseConnection->initialize()
#3 C:\xampp\htdocs\LandingPage\system\Database\BaseBuilder.php(1644): CodeIgniter\Database\BaseConnection->query('SELECT *\nFROM `...', Array, false)
#4 C:\xampp\htdocs\LandingPage\system\Model.php(286): CodeIgniter\Database\BaseBuilder->get()
#5 C:\xampp\htdocs\LandingPage\system\BaseModel.php(676): CodeIgniter\Model->doFindAll(0, 0)
#6 C:\xampp\htdocs\LandingPage\app\Models\kecamatanModel.php(14): CodeIgniter\BaseModel->findAll()
#7 C:\xampp\htdocs\LandingPage\app\Controllers\DaftarApp.php(32): App\Models\kecamatanModel->getKecamatan()
#8 C:\xampp\htdocs\LandingPage\system\CodeIgniter.php(933): App\Controllers\DaftarApp->kecamatan()
#9 C:\xampp\htdocs\LandingPage\system\CodeIgniter.php(509): CodeIgniter\CodeIgniter->runController(Object(App\Controllers\DaftarApp))
#10 C:\xampp\htdocs\LandingPage\system\CodeIgniter.php(355): CodeIgniter\CodeIgniter->handleRequest(NULL, Object(Config\Cache), false)
#11 C:\xampp\htdocs\LandingPage\system\Boot.php(325): CodeIgniter\CodeIgniter->run()
#12 C:\xampp\htdocs\LandingPage\system\Boot.php(67): CodeIgniter\Boot::runCodeIgniter(Object(CodeIgniter\CodeIgniter))
#13 C:\xampp\htdocs\LandingPage\public\index.php(56): CodeIgniter\Boot::bootWeb(Object(Config\Paths))
#14 C:\xampp\htdocs\LandingPage\system\rewrite.php(44): require_once('C:\\xampp\\htdocs...')
#15 {main}

Next CodeIgniter\Database\Exceptions\DatabaseException: No connection could be made because the target machine actively refused it in C:\xampp\htdocs\LandingPage\system\Database\MySQLi\Connection.php:231
Stack trace:
#0 C:\xampp\htdocs\LandingPage\system\Database\BaseConnection.php(421): CodeIgniter\Database\MySQLi\Connection->connect(false)
#1 C:\xampp\htdocs\LandingPage\system\Database\BaseConnection.php(616): CodeIgniter\Database\BaseConnection->initialize()
#2 C:\xampp\htdocs\LandingPage\system\Database\BaseBuilder.php(1644): CodeIgniter\Database\BaseConnection->query('SELECT *\nFROM `...', Array, false)
#3 C:\xampp\htdocs\LandingPage\system\Model.php(286): CodeIgniter\Database\BaseBuilder->get()
#4 C:\xampp\htdocs\LandingPage\system\BaseModel.php(676): CodeIgniter\Model->doFindAll(0, 0)
#5 C:\xampp\htdocs\LandingPage\app\Models\kecamatanModel.php(14): CodeIgniter\BaseModel->findAll()
#6 C:\xampp\htdocs\LandingPage\app\Controllers\DaftarApp.php(32): App\Models\kecamatanModel->getKecamatan()
#7 C:\xampp\htdocs\LandingPage\system\CodeIgniter.php(933): App\Controllers\DaftarApp->kecamatan()
#8 C:\xampp\htdocs\LandingPage\system\CodeIgniter.php(509): CodeIgniter\CodeIgniter->runController(Object(App\Controllers\DaftarApp))
#9 C:\xampp\htdocs\LandingPage\system\CodeIgniter.php(355): CodeIgniter\CodeIgniter->handleRequest(NULL, Object(Config\Cache), false)
#10 C:\xampp\htdocs\LandingPage\system\Boot.php(325): CodeIgniter\CodeIgniter->run()
#11 C:\xampp\htdocs\LandingPage\system\Boot.php(67): CodeIgniter\Boot::runCodeIgniter(Object(CodeIgniter\CodeIgniter))
#12 C:\xampp\htdocs\LandingPage\public\index.php(56): CodeIgniter\Boot::bootWeb(Object(Config\Paths))
#13 C:\xampp\htdocs\LandingPage\system\rewrite.php(44): require_once('C:\\xampp\\htdocs...')
#14 {main}
CRITICAL - 2024-10-16 02:29:45 --> CodeIgniter\Database\Exceptions\DatabaseException: Unable to connect to the database.
Main connection [MySQLi]: No connection could be made because the target machine actively refused it
[Method: GET, Route: kecamatan]
in SYSTEMPATH\Database\BaseConnection.php on line 467.
 1 SYSTEMPATH\Database\BaseConnection.php(616): CodeIgniter\Database\BaseConnection->initialize()
 2 SYSTEMPATH\Database\BaseBuilder.php(1644): CodeIgniter\Database\BaseConnection->query('SELECT *
FROM `kecamatan`', [], false)
 3 SYSTEMPATH\Model.php(286): CodeIgniter\Database\BaseBuilder->get()
 4 SYSTEMPATH\BaseModel.php(676): CodeIgniter\Model->doFindAll(0, 0)
 5 APPPATH\Models\kecamatanModel.php(14): CodeIgniter\BaseModel->findAll()
 6 APPPATH\Controllers\DaftarApp.php(32): App\Models\kecamatanModel->getKecamatan()
 7 SYSTEMPATH\CodeIgniter.php(933): App\Controllers\DaftarApp->kecamatan()
 8 SYSTEMPATH\CodeIgniter.php(509): CodeIgniter\CodeIgniter->runController(Object(App\Controllers\DaftarApp))
 9 SYSTEMPATH\CodeIgniter.php(355): CodeIgniter\CodeIgniter->handleRequest(null, Object(Config\Cache), false)
10 SYSTEMPATH\Boot.php(325): CodeIgniter\CodeIgniter->run()
11 SYSTEMPATH\Boot.php(67): CodeIgniter\Boot::runCodeIgniter(Object(CodeIgniter\CodeIgniter))
12 FCPATH\index.php(56): CodeIgniter\Boot::bootWeb(Object(Config\Paths))
13 SYSTEMPATH\rewrite.php(44): require_once('C:\\xampp\\htdocs\\LandingPage\\public\\index.php')
ERROR - 2024-10-16 02:29:49 --> Error connecting to the database: mysqli_sql_exception: No connection could be made because the target machine actively refused it in C:\xampp\htdocs\LandingPage\system\Database\MySQLi\Connection.php:186
Stack trace:
#0 C:\xampp\htdocs\LandingPage\system\Database\MySQLi\Connection.php(186): mysqli->real_connect('localhost', 'root', Object(SensitiveParameterValue), 'aplikasi_jaksel', 3306, '', 0)
#1 C:\xampp\htdocs\LandingPage\system\Database\BaseConnection.php(421): CodeIgniter\Database\MySQLi\Connection->connect(false)
#2 C:\xampp\htdocs\LandingPage\system\Database\BaseConnection.php(616): CodeIgniter\Database\BaseConnection->initialize()
#3 C:\xampp\htdocs\LandingPage\system\Database\BaseBuilder.php(1644): CodeIgniter\Database\BaseConnection->query('SELECT *\nFROM `...', Array, false)
#4 C:\xampp\htdocs\LandingPage\system\Model.php(286): CodeIgniter\Database\BaseBuilder->get()
#5 C:\xampp\htdocs\LandingPage\system\BaseModel.php(676): CodeIgniter\Model->doFindAll(0, 0)
#6 C:\xampp\htdocs\LandingPage\app\Models\kecamatanModel.php(14): CodeIgniter\BaseModel->findAll()
#7 C:\xampp\htdocs\LandingPage\app\Controllers\DaftarApp.php(32): App\Models\kecamatanModel->getKecamatan()
#8 C:\xampp\htdocs\LandingPage\system\CodeIgniter.php(933): App\Controllers\DaftarApp->kecamatan()
#9 C:\xampp\htdocs\LandingPage\system\CodeIgniter.php(509): CodeIgniter\CodeIgniter->runController(Object(App\Controllers\DaftarApp))
#10 C:\xampp\htdocs\LandingPage\system\CodeIgniter.php(355): CodeIgniter\CodeIgniter->handleRequest(NULL, Object(Config\Cache), false)
#11 C:\xampp\htdocs\LandingPage\system\Boot.php(325): CodeIgniter\CodeIgniter->run()
#12 C:\xampp\htdocs\LandingPage\system\Boot.php(67): CodeIgniter\Boot::runCodeIgniter(Object(CodeIgniter\CodeIgniter))
#13 C:\xampp\htdocs\LandingPage\public\index.php(56): CodeIgniter\Boot::bootWeb(Object(Config\Paths))
#14 C:\xampp\htdocs\LandingPage\system\rewrite.php(44): require_once('C:\\xampp\\htdocs...')
#15 {main}

Next CodeIgniter\Database\Exceptions\DatabaseException: No connection could be made because the target machine actively refused it in C:\xampp\htdocs\LandingPage\system\Database\MySQLi\Connection.php:231
Stack trace:
#0 C:\xampp\htdocs\LandingPage\system\Database\BaseConnection.php(421): CodeIgniter\Database\MySQLi\Connection->connect(false)
#1 C:\xampp\htdocs\LandingPage\system\Database\BaseConnection.php(616): CodeIgniter\Database\BaseConnection->initialize()
#2 C:\xampp\htdocs\LandingPage\system\Database\BaseBuilder.php(1644): CodeIgniter\Database\BaseConnection->query('SELECT *\nFROM `...', Array, false)
#3 C:\xampp\htdocs\LandingPage\system\Model.php(286): CodeIgniter\Database\BaseBuilder->get()
#4 C:\xampp\htdocs\LandingPage\system\BaseModel.php(676): CodeIgniter\Model->doFindAll(0, 0)
#5 C:\xampp\htdocs\LandingPage\app\Models\kecamatanModel.php(14): CodeIgniter\BaseModel->findAll()
#6 C:\xampp\htdocs\LandingPage\app\Controllers\DaftarApp.php(32): App\Models\kecamatanModel->getKecamatan()
#7 C:\xampp\htdocs\LandingPage\system\CodeIgniter.php(933): App\Controllers\DaftarApp->kecamatan()
#8 C:\xampp\htdocs\LandingPage\system\CodeIgniter.php(509): CodeIgniter\CodeIgniter->runController(Object(App\Controllers\DaftarApp))
#9 C:\xampp\htdocs\LandingPage\system\CodeIgniter.php(355): CodeIgniter\CodeIgniter->handleRequest(NULL, Object(Config\Cache), false)
#10 C:\xampp\htdocs\LandingPage\system\Boot.php(325): CodeIgniter\CodeIgniter->run()
#11 C:\xampp\htdocs\LandingPage\system\Boot.php(67): CodeIgniter\Boot::runCodeIgniter(Object(CodeIgniter\CodeIgniter))
#12 C:\xampp\htdocs\LandingPage\public\index.php(56): CodeIgniter\Boot::bootWeb(Object(Config\Paths))
#13 C:\xampp\htdocs\LandingPage\system\rewrite.php(44): require_once('C:\\xampp\\htdocs...')
#14 {main}
CRITICAL - 2024-10-16 02:29:49 --> CodeIgniter\Database\Exceptions\DatabaseException: Unable to connect to the database.
Main connection [MySQLi]: No connection could be made because the target machine actively refused it
[Method: GET, Route: kecamatan]
in SYSTEMPATH\Database\BaseConnection.php on line 467.
 1 SYSTEMPATH\Database\BaseConnection.php(616): CodeIgniter\Database\BaseConnection->initialize()
 2 SYSTEMPATH\Database\BaseBuilder.php(1644): CodeIgniter\Database\BaseConnection->query('SELECT *
FROM `kecamatan`', [], false)
 3 SYSTEMPATH\Model.php(286): CodeIgniter\Database\BaseBuilder->get()
 4 SYSTEMPATH\BaseModel.php(676): CodeIgniter\Model->doFindAll(0, 0)
 5 APPPATH\Models\kecamatanModel.php(14): CodeIgniter\BaseModel->findAll()
 6 APPPATH\Controllers\DaftarApp.php(32): App\Models\kecamatanModel->getKecamatan()
 7 SYSTEMPATH\CodeIgniter.php(933): App\Controllers\DaftarApp->kecamatan()
 8 SYSTEMPATH\CodeIgniter.php(509): CodeIgniter\CodeIgniter->runController(Object(App\Controllers\DaftarApp))
 9 SYSTEMPATH\CodeIgniter.php(355): CodeIgniter\CodeIgniter->handleRequest(null, Object(Config\Cache), false)
10 SYSTEMPATH\Boot.php(325): CodeIgniter\CodeIgniter->run()
11 SYSTEMPATH\Boot.php(67): CodeIgniter\Boot::runCodeIgniter(Object(CodeIgniter\CodeIgniter))
12 FCPATH\index.php(56): CodeIgniter\Boot::bootWeb(Object(Config\Paths))
13 SYSTEMPATH\rewrite.php(44): require_once('C:\\xampp\\htdocs\\LandingPage\\public\\index.php')
ERROR - 2024-10-16 02:29:54 --> Error connecting to the database: mysqli_sql_exception: No connection could be made because the target machine actively refused it in C:\xampp\htdocs\LandingPage\system\Database\MySQLi\Connection.php:186
Stack trace:
#0 C:\xampp\htdocs\LandingPage\system\Database\MySQLi\Connection.php(186): mysqli->real_connect('localhost', 'root', Object(SensitiveParameterValue), 'aplikasi_jaksel', 3306, '', 0)
#1 C:\xampp\htdocs\LandingPage\system\Database\BaseConnection.php(421): CodeIgniter\Database\MySQLi\Connection->connect(false)
#2 C:\xampp\htdocs\LandingPage\system\Database\BaseConnection.php(616): CodeIgniter\Database\BaseConnection->initialize()
#3 C:\xampp\htdocs\LandingPage\system\Database\BaseBuilder.php(1644): CodeIgniter\Database\BaseConnection->query('SELECT *\nFROM `...', Array, false)
#4 C:\xampp\htdocs\LandingPage\system\Model.php(286): CodeIgniter\Database\BaseBuilder->get()
#5 C:\xampp\htdocs\LandingPage\system\BaseModel.php(676): CodeIgniter\Model->doFindAll(0, 0)
#6 C:\xampp\htdocs\LandingPage\app\Models\kecamatanModel.php(14): CodeIgniter\BaseModel->findAll()
#7 C:\xampp\htdocs\LandingPage\app\Controllers\DaftarApp.php(32): App\Models\kecamatanModel->getKecamatan()
#8 C:\xampp\htdocs\LandingPage\system\CodeIgniter.php(933): App\Controllers\DaftarApp->kecamatan()
#9 C:\xampp\htdocs\LandingPage\system\CodeIgniter.php(509): CodeIgniter\CodeIgniter->runController(Object(App\Controllers\DaftarApp))
#10 C:\xampp\htdocs\LandingPage\system\CodeIgniter.php(355): CodeIgniter\CodeIgniter->handleRequest(NULL, Object(Config\Cache), false)
#11 C:\xampp\htdocs\LandingPage\system\Boot.php(325): CodeIgniter\CodeIgniter->run()
#12 C:\xampp\htdocs\LandingPage\system\Boot.php(67): CodeIgniter\Boot::runCodeIgniter(Object(CodeIgniter\CodeIgniter))
#13 C:\xampp\htdocs\LandingPage\public\index.php(56): CodeIgniter\Boot::bootWeb(Object(Config\Paths))
#14 C:\xampp\htdocs\LandingPage\system\rewrite.php(44): require_once('C:\\xampp\\htdocs...')
#15 {main}

Next CodeIgniter\Database\Exceptions\DatabaseException: No connection could be made because the target machine actively refused it in C:\xampp\htdocs\LandingPage\system\Database\MySQLi\Connection.php:231
Stack trace:
#0 C:\xampp\htdocs\LandingPage\system\Database\BaseConnection.php(421): CodeIgniter\Database\MySQLi\Connection->connect(false)
#1 C:\xampp\htdocs\LandingPage\system\Database\BaseConnection.php(616): CodeIgniter\Database\BaseConnection->initialize()
#2 C:\xampp\htdocs\LandingPage\system\Database\BaseBuilder.php(1644): CodeIgniter\Database\BaseConnection->query('SELECT *\nFROM `...', Array, false)
#3 C:\xampp\htdocs\LandingPage\system\Model.php(286): CodeIgniter\Database\BaseBuilder->get()
#4 C:\xampp\htdocs\LandingPage\system\BaseModel.php(676): CodeIgniter\Model->doFindAll(0, 0)
#5 C:\xampp\htdocs\LandingPage\app\Models\kecamatanModel.php(14): CodeIgniter\BaseModel->findAll()
#6 C:\xampp\htdocs\LandingPage\app\Controllers\DaftarApp.php(32): App\Models\kecamatanModel->getKecamatan()
#7 C:\xampp\htdocs\LandingPage\system\CodeIgniter.php(933): App\Controllers\DaftarApp->kecamatan()
#8 C:\xampp\htdocs\LandingPage\system\CodeIgniter.php(509): CodeIgniter\CodeIgniter->runController(Object(App\Controllers\DaftarApp))
#9 C:\xampp\htdocs\LandingPage\system\CodeIgniter.php(355): CodeIgniter\CodeIgniter->handleRequest(NULL, Object(Config\Cache), false)
#10 C:\xampp\htdocs\LandingPage\system\Boot.php(325): CodeIgniter\CodeIgniter->run()
#11 C:\xampp\htdocs\LandingPage\system\Boot.php(67): CodeIgniter\Boot::runCodeIgniter(Object(CodeIgniter\CodeIgniter))
#12 C:\xampp\htdocs\LandingPage\public\index.php(56): CodeIgniter\Boot::bootWeb(Object(Config\Paths))
#13 C:\xampp\htdocs\LandingPage\system\rewrite.php(44): require_once('C:\\xampp\\htdocs...')
#14 {main}
CRITICAL - 2024-10-16 02:29:54 --> CodeIgniter\Database\Exceptions\DatabaseException: Unable to connect to the database.
Main connection [MySQLi]: No connection could be made because the target machine actively refused it
[Method: GET, Route: kecamatan]
in SYSTEMPATH\Database\BaseConnection.php on line 467.
 1 SYSTEMPATH\Database\BaseConnection.php(616): CodeIgniter\Database\BaseConnection->initialize()
 2 SYSTEMPATH\Database\BaseBuilder.php(1644): CodeIgniter\Database\BaseConnection->query('SELECT *
FROM `kecamatan`', [], false)
 3 SYSTEMPATH\Model.php(286): CodeIgniter\Database\BaseBuilder->get()
 4 SYSTEMPATH\BaseModel.php(676): CodeIgniter\Model->doFindAll(0, 0)
 5 APPPATH\Models\kecamatanModel.php(14): CodeIgniter\BaseModel->findAll()
 6 APPPATH\Controllers\DaftarApp.php(32): App\Models\kecamatanModel->getKecamatan()
 7 SYSTEMPATH\CodeIgniter.php(933): App\Controllers\DaftarApp->kecamatan()
 8 SYSTEMPATH\CodeIgniter.php(509): CodeIgniter\CodeIgniter->runController(Object(App\Controllers\DaftarApp))
 9 SYSTEMPATH\CodeIgniter.php(355): CodeIgniter\CodeIgniter->handleRequest(null, Object(Config\Cache), false)
10 SYSTEMPATH\Boot.php(325): CodeIgniter\CodeIgniter->run()
11 SYSTEMPATH\Boot.php(67): CodeIgniter\Boot::runCodeIgniter(Object(CodeIgniter\CodeIgniter))
12 FCPATH\index.php(56): CodeIgniter\Boot::bootWeb(Object(Config\Paths))
13 SYSTEMPATH\rewrite.php(44): require_once('C:\\xampp\\htdocs\\LandingPage\\public\\index.php')
ERROR - 2024-10-16 02:29:58 --> Error connecting to the database: mysqli_sql_exception: No connection could be made because the target machine actively refused it in C:\xampp\htdocs\LandingPage\system\Database\MySQLi\Connection.php:186
Stack trace:
#0 C:\xampp\htdocs\LandingPage\system\Database\MySQLi\Connection.php(186): mysqli->real_connect('localhost', 'root', Object(SensitiveParameterValue), 'aplikasi_jaksel', 3306, '', 0)
#1 C:\xampp\htdocs\LandingPage\system\Database\BaseConnection.php(421): CodeIgniter\Database\MySQLi\Connection->connect(false)
#2 C:\xampp\htdocs\LandingPage\system\Database\BaseConnection.php(616): CodeIgniter\Database\BaseConnection->initialize()
#3 C:\xampp\htdocs\LandingPage\system\Database\BaseBuilder.php(1644): CodeIgniter\Database\BaseConnection->query('SELECT *\nFROM `...', Array, false)
#4 C:\xampp\htdocs\LandingPage\system\Model.php(286): CodeIgniter\Database\BaseBuilder->get()
#5 C:\xampp\htdocs\LandingPage\system\BaseModel.php(676): CodeIgniter\Model->doFindAll(0, 0)
#6 C:\xampp\htdocs\LandingPage\app\Models\kecamatanModel.php(14): CodeIgniter\BaseModel->findAll()
#7 C:\xampp\htdocs\LandingPage\app\Controllers\DaftarApp.php(32): App\Models\kecamatanModel->getKecamatan()
#8 C:\xampp\htdocs\LandingPage\system\CodeIgniter.php(933): App\Controllers\DaftarApp->kecamatan()
#9 C:\xampp\htdocs\LandingPage\system\CodeIgniter.php(509): CodeIgniter\CodeIgniter->runController(Object(App\Controllers\DaftarApp))
#10 C:\xampp\htdocs\LandingPage\system\CodeIgniter.php(355): CodeIgniter\CodeIgniter->handleRequest(NULL, Object(Config\Cache), false)
#11 C:\xampp\htdocs\LandingPage\system\Boot.php(325): CodeIgniter\CodeIgniter->run()
#12 C:\xampp\htdocs\LandingPage\system\Boot.php(67): CodeIgniter\Boot::runCodeIgniter(Object(CodeIgniter\CodeIgniter))
#13 C:\xampp\htdocs\LandingPage\public\index.php(56): CodeIgniter\Boot::bootWeb(Object(Config\Paths))
#14 C:\xampp\htdocs\LandingPage\system\rewrite.php(44): require_once('C:\\xampp\\htdocs...')
#15 {main}

Next CodeIgniter\Database\Exceptions\DatabaseException: No connection could be made because the target machine actively refused it in C:\xampp\htdocs\LandingPage\system\Database\MySQLi\Connection.php:231
Stack trace:
#0 C:\xampp\htdocs\LandingPage\system\Database\BaseConnection.php(421): CodeIgniter\Database\MySQLi\Connection->connect(false)
#1 C:\xampp\htdocs\LandingPage\system\Database\BaseConnection.php(616): CodeIgniter\Database\BaseConnection->initialize()
#2 C:\xampp\htdocs\LandingPage\system\Database\BaseBuilder.php(1644): CodeIgniter\Database\BaseConnection->query('SELECT *\nFROM `...', Array, false)
#3 C:\xampp\htdocs\LandingPage\system\Model.php(286): CodeIgniter\Database\BaseBuilder->get()
#4 C:\xampp\htdocs\LandingPage\system\BaseModel.php(676): CodeIgniter\Model->doFindAll(0, 0)
#5 C:\xampp\htdocs\LandingPage\app\Models\kecamatanModel.php(14): CodeIgniter\BaseModel->findAll()
#6 C:\xampp\htdocs\LandingPage\app\Controllers\DaftarApp.php(32): App\Models\kecamatanModel->getKecamatan()
#7 C:\xampp\htdocs\LandingPage\system\CodeIgniter.php(933): App\Controllers\DaftarApp->kecamatan()
#8 C:\xampp\htdocs\LandingPage\system\CodeIgniter.php(509): CodeIgniter\CodeIgniter->runController(Object(App\Controllers\DaftarApp))
#9 C:\xampp\htdocs\LandingPage\system\CodeIgniter.php(355): CodeIgniter\CodeIgniter->handleRequest(NULL, Object(Config\Cache), false)
#10 C:\xampp\htdocs\LandingPage\system\Boot.php(325): CodeIgniter\CodeIgniter->run()
#11 C:\xampp\htdocs\LandingPage\system\Boot.php(67): CodeIgniter\Boot::runCodeIgniter(Object(CodeIgniter\CodeIgniter))
#12 C:\xampp\htdocs\LandingPage\public\index.php(56): CodeIgniter\Boot::bootWeb(Object(Config\Paths))
#13 C:\xampp\htdocs\LandingPage\system\rewrite.php(44): require_once('C:\\xampp\\htdocs...')
#14 {main}
CRITICAL - 2024-10-16 02:29:58 --> CodeIgniter\Database\Exceptions\DatabaseException: Unable to connect to the database.
Main connection [MySQLi]: No connection could be made because the target machine actively refused it
[Method: GET, Route: kecamatan]
in SYSTEMPATH\Database\BaseConnection.php on line 467.
 1 SYSTEMPATH\Database\BaseConnection.php(616): CodeIgniter\Database\BaseConnection->initialize()
 2 SYSTEMPATH\Database\BaseBuilder.php(1644): CodeIgniter\Database\BaseConnection->query('SELECT *
FROM `kecamatan`', [], false)
 3 SYSTEMPATH\Model.php(286): CodeIgniter\Database\BaseBuilder->get()
 4 SYSTEMPATH\BaseModel.php(676): CodeIgniter\Model->doFindAll(0, 0)
 5 APPPATH\Models\kecamatanModel.php(14): CodeIgniter\BaseModel->findAll()
 6 APPPATH\Controllers\DaftarApp.php(32): App\Models\kecamatanModel->getKecamatan()
 7 SYSTEMPATH\CodeIgniter.php(933): App\Controllers\DaftarApp->kecamatan()
 8 SYSTEMPATH\CodeIgniter.php(509): CodeIgniter\CodeIgniter->runController(Object(App\Controllers\DaftarApp))
 9 SYSTEMPATH\CodeIgniter.php(355): CodeIgniter\CodeIgniter->handleRequest(null, Object(Config\Cache), false)
10 SYSTEMPATH\Boot.php(325): CodeIgniter\CodeIgniter->run()
11 SYSTEMPATH\Boot.php(67): CodeIgniter\Boot::runCodeIgniter(Object(CodeIgniter\CodeIgniter))
12 FCPATH\index.php(56): CodeIgniter\Boot::bootWeb(Object(Config\Paths))
13 SYSTEMPATH\rewrite.php(44): require_once('C:\\xampp\\htdocs\\LandingPage\\public\\index.php')
